[1007/111610.710:ERROR:file_io.cc(90)] ReadExactly: expected 36, observed 0
[1008/171801.348:ERROR:process_reader_win.cc(123)] NtOpenThread: {Access Denied} A process has requested access to an object, but has not been granted those access rights. (0xc0000022)
[1008/171801.391:ERROR:process_reader_win.cc(123)] NtOpenThread: {Access Denied} A process has requested access to an object, but has not been granted those access rights. (0xc0000022)
[1008/171801.348:ERROR:process_reader_win.cc(123)] NtOpenThread: {Access Denied} A process has requested access to an object, but has not been granted those access rights. (0xc0000022)
[1008/171801.477:ERROR:process_reader_win.cc(123)] NtOpenThread: {Access Denied} A process has requested access to an object, but has not been granted those access rights. (0xc0000022)
[1008/171802.008:ERROR:exception_snapshot_win.cc(99)] thread ID 3176 not found in process
[1008/171801.348:ERROR:process_reader_win.cc(123)] NtOpenThread: {Access Denied} A process has requested access to an object, but has not been granted those access rights. (0xc0000022)
[1008/171802.008:ERROR:exception_snapshot_win.cc(99)] thread ID 8708 not found in process
[1008/171802.008:ERROR:exception_snapshot_win.cc(99)] thread ID 11156 not found in process
[1008/171802.009:ERROR:exception_snapshot_win.cc(99)] thread ID 8892 not found in process
[1008/171802.009:ERROR:exception_snapshot_win.cc(99)] thread ID 10560 not found in process
[1012/185059.193:ERROR:directory_reader_win.cc(43)] FindFirstFile: The system cannot find the path specified. (0x3)
[1013/074014.072:ERROR:directory_reader_win.cc(43)] FindFirstFile: The system cannot find the path specified. (0x3)
[1013/183258.312:ERROR:directory_reader_win.cc(43)] FindFirstFile: The system cannot find the path specified. (0x3)
[1014/082606.003:ERROR:directory_reader_win.cc(43)] FindFirstFile: The system cannot find the path specified. (0x3)
[1015/074950.816:ERROR:directory_reader_win.cc(43)] FindFirstFile: The system cannot find the path specified. (0x3)
[1015/214312.207:ERROR:directory_reader_win.cc(43)] FindFirstFile: The system cannot find the path specified. (0x3)
[1016/075622.651:ERROR:directory_reader_win.cc(43)] FindFirstFile: The system cannot find the path specified. (0x3)
[1018/170032.755:ERROR:directory_reader_win.cc(43)] FindFirstFile: The system cannot find the path specified. (0x3)
[1019/080500.820:ERROR:directory_reader_win.cc(43)] FindFirstFile: The system cannot find the path specified. (0x3)
[1019/192858.272:ERROR:directory_reader_win.cc(43)] FindFirstFile: The system cannot find the path specified. (0x3)
[1020/081729.095:ERROR:directory_reader_win.cc(43)] FindFirstFile: The system cannot find the path specified. (0x3)
[1020/184945.533:ERROR:directory_reader_win.cc(43)] FindFirstFile: The system cannot find the path specified. (0x3)
[1020/192201.668:ERROR:file_io.cc(90)] ReadExactly: expected 36, observed 0
[1021/133103.153:ERROR:directory_reader_win.cc(43)] FindFirstFile: The system cannot find the path specified. (0x3)
[1021/213742.288:ERROR:directory_reader_win.cc(43)] FindFirstFile: The system cannot find the path specified. (0x3)
[1022/074048.384:ERROR:directory_reader_win.cc(43)] FindFirstFile: The system cannot find the path specified. (0x3)
[1022/082547.986:ERROR:process_memory_win.cc(73)] ReadMemory at 0x7ff647dd0000 of 64 bytes failed: Only part of a ReadProcessMemory or WriteProcessMemory request was completed. (0x12B)
[1022/082548.157:WARNING:pe_image_reader.cc(340)] could not read dos header from C:\Program Files (x86)\Google\Chrome\Application\chrome.exe
[1022/082548.157:ERROR:process_memory_win.cc(73)] ReadMemory at 0x7ffd22ea0000 of 64 bytes failed: Only part of a ReadProcessMemory or WriteProcessMemory request was completed. (0x12B)
[1022/082548.157:WARNING:pe_image_reader.cc(340)] could not read dos header from C:\WINDOWS\SYSTEM32\ntdll.dll
[1022/082548.157:ERROR:process_memory_win.cc(73)] ReadMemory at 0x7ffd21740000 of 64 bytes failed: Only part of a ReadProcessMemory or WriteProcessMemory request was completed. (0x12B)
[1022/082548.157:WARNING:pe_image_reader.cc(340)] could not read dos header from C:\WINDOWS\System32\KERNEL32.DLL
[1022/082548.292:ERROR:process_memory_win.cc(73)] ReadMemory at 0x7ffd20960000 of 64 bytes failed: Only part of a ReadProcessMemory or WriteProcessMemory request was completed. (0x12B)
[1022/082548.292:WARNING:pe_image_reader.cc(340)] could not read dos header from C:\WINDOWS\System32\KERNELBASE.dll
[1022/082548.292:ERROR:process_memory_win.cc(73)] ReadMemory at 0x7ffd09340000 of 64 bytes failed: Only part of a ReadProcessMemory or WriteProcessMemory request was completed. (0x12B)
[1022/082548.293:WARNING:pe_image_reader.cc(340)] could not read dos header from C:\Program Files (x86)\Google\Chrome\Application\86.0.4240.111\chrome_elf.dll
[1022/082548.293:ERROR:process_memory_win.cc(73)] ReadMemory at 0x7ffd1e930000 of 64 bytes failed: Only part of a ReadProcessMemory or WriteProcessMemory request was completed. (0x12B)
[1022/082548.293:WARNING:pe_image_reader.cc(340)] could not read dos header from C:\WINDOWS\SYSTEM32\VERSION.dll
[1022/082548.293:ERROR:process_memory_win.cc(73)] ReadMemory at 0x7ffd22ae0000 of 64 bytes failed: Only part of a ReadProcessMemory or WriteProcessMemory request was completed. (0x12B)
[1022/082548.293:WARNING:pe_image_reader.cc(340)] could not read dos header from C:\WINDOWS\System32\msvcrt.dll
[1022/082548.293:ERROR:process_memory_win.cc(73)] ReadMemory at 0x7ffd20e10000 of 64 bytes failed: Only part of a ReadProcessMemory or WriteProcessMemory request was completed. (0x12B)
[1022/082548.293:WARNING:pe_image_reader.cc(340)] could not read dos header from C:\WINDOWS\System32\bcryptPrimitives.dll
[1022/082548.293:ERROR:process_memory_win.cc(73)] ReadMemory at 0x7ffd22a30000 of 64 bytes failed: Only part of a ReadProcessMemory or WriteProcessMemory request was completed. (0x12B)
[1022/082548.293:WARNING:pe_image_reader.cc(340)] could not read dos header from C:\WINDOWS\System32\ADVAPI32.dll
[1022/082548.293:ERROR:process_memory_win.cc(73)] ReadMemory at 0x7ffd22990000 of 64 bytes failed: Only part of a ReadProcessMemory or WriteProcessMemory request was completed. (0x12B)
[1022/082548.293:WARNING:pe_image_reader.cc(340)] could not read dos header from C:\WINDOWS\System32\sechost.dll
[1022/082548.293:ERROR:process_memory_win.cc(73)] ReadMemory at 0x7ffd21890000 of 64 bytes failed: Only part of a ReadProcessMemory or WriteProcessMemory request was completed. (0x12B)
[1022/082548.293:WARNING:pe_image_reader.cc(340)] could not read dos header from C:\WINDOWS\System32\RPCRT4.dll
[1022/082548.293:ERROR:process_memory_win.cc(73)] ReadMemory at 0x7ffcdafe0000 of 64 bytes failed: Only part of a ReadProcessMemory or WriteProcessMemory request was completed. (0x12B)
[1022/082548.293:WARNING:pe_image_reader.cc(340)] could not read dos header from C:\Program Files (x86)\Google\Chrome\Application\86.0.4240.111\chrome.dll
[1022/082548.293:ERROR:process_memory_win.cc(73)] ReadMemory at 0x7ffd22d70000 of 64 bytes failed: Only part of a ReadProcessMemory or WriteProcessMemory request was completed. (0x12B)
[1022/082548.293:WARNING:pe_image_reader.cc(340)] could not read dos header from C:\WINDOWS\System32\WS2_32.dll
[1022/082548.293:ERROR:process_memory_win.cc(73)] ReadMemory at 0x7ffd219e0000 of 64 bytes failed: Only part of a ReadProcessMemory or WriteProcessMemory request was completed. (0x12B)
[1022/082548.293:WARNING:pe_image_reader.cc(340)] could not read dos header from C:\WINDOWS\System32\OLEAUT32.dll
[1022/082548.293:ERROR:process_memory_win.cc(73)] ReadMemory at 0x7ffd20f90000 of 64 bytes failed: Only part of a ReadProcessMemory or WriteProcessMemory request was completed. (0x12B)
[1022/082548.293:WARNING:pe_image_reader.cc(340)] could not read dos header from C:\WINDOWS\System32\msvcp_win.dll
[1022/082548.293:ERROR:process_memory_win.cc(73)] ReadMemory at 0x7ffd20e90000 of 64 bytes failed: Only part of a ReadProcessMemory or WriteProcessMemory request was completed. (0x12B)
[1022/082548.293:WARNING:pe_image_reader.cc(340)] could not read dos header from C:\WINDOWS\System32\ucrtbase.dll
[1022/082548.293:ERROR:process_memory_win.cc(73)] ReadMemory at 0x7ffd211d0000 of 64 bytes failed: Only part of a ReadProcessMemory or WriteProcessMemory request was completed. (0x12B)
[1022/082548.293:WARNING:pe_image_reader.cc(340)] could not read dos header from C:\WINDOWS\System32\combase.dll
[1022/082548.293:ERROR:process_memory_win.cc(73)] ReadMemory at 0x7ffd20c10000 of 64 bytes failed: Only part of a ReadProcessMemory or WriteProcessMemory request was completed. (0x12B)
[1022/082548.293:WARNING:pe_image_reader.cc(340)] could not read dos header from C:\WINDOWS\System32\WINTRUST.dll
[1022/082548.293:ERROR:process_memory_win.cc(73)] ReadMemory at 0x7ffd1fe70000 of 64 bytes failed: Only part of a ReadProcessMemory or WriteProcessMemory request was completed. (0x12B)
[1022/082548.293:WARNING:pe_image_reader.cc(340)] could not read dos header from C:\WINDOWS\System32\MSASN1.dll
[1022/082548.293:ERROR:process_memory_win.cc(73)] ReadMemory at 0x7ffd1ff10000 of 64 bytes failed: Only part of a ReadProcessMemory or WriteProcessMemory request was completed. (0x12B)
[1022/082548.293:WARNING:pe_image_reader.cc(340)] could not read dos header from C:\WINDOWS\System32\CRYPT32.dll
[1022/082548.293:ERROR:process_memory_win.cc(73)] ReadMemory at 0x7ffd15170000 of 64 bytes failed: Only part of a ReadProcessMemory or WriteProcessMemory request was completed. (0x12B)
[1022/082548.293:WARNING:pe_image_reader.cc(340)] could not read dos header from C:\WINDOWS\SYSTEM32\dbghelp.dll
[1022/082548.293:ERROR:process_memory_win.cc(73)] ReadMemory at 0x7ffd1f340000 of 64 bytes failed: Only part of a ReadProcessMemory or WriteProcessMemory request was completed. (0x12B)
[1022/082548.293:WARNING:pe_image_reader.cc(340)] could not read dos header from C:\WINDOWS\SYSTEM32\IPHLPAPI.DLL
[1022/082548.293:ERROR:process_memory_win.cc(73)] ReadMemory at 0x7ffd1da10000 of 64 bytes failed: Only part of a ReadProcessMemory or WriteProcessMemory request was completed. (0x12B)
[1022/082548.293:WARNING:pe_image_reader.cc(340)] could not read dos header from C:\WINDOWS\SYSTEM32\WINMM.dll
[1022/082548.293:ERROR:process_memory_win.cc(73)] ReadMemory at 0x7ffd06380000 of 64 bytes failed: Only part of a ReadProcessMemory or WriteProcessMemory request was completed. (0x12B)
[1022/082548.293:WARNING:pe_image_reader.cc(340)] could not read dos header from C:\WINDOWS\SYSTEM32\UIAutomationCore.DLL
[1022/082548.293:ERROR:process_memory_win.cc(73)] ReadMemory at 0x7ffd1e9d0000 of 64 bytes failed: Only part of a ReadProcessMemory or WriteProcessMemory request was completed. (0x12B)
[1022/082548.293:WARNING:pe_image_reader.cc(340)] could not read dos header from C:\WINDOWS\SYSTEM32\Secur32.dll
[1022/082548.293:ERROR:process_memory_win.cc(73)] ReadMemory at 0x7ffd1fd20000 of 64 bytes failed: Only part of a ReadProcessMemory or WriteProcessMemory request was completed. (0x12B)
[1022/082548.293:WARNING:pe_image_reader.cc(340)] could not read dos header from C:\WINDOWS\SYSTEM32\USERENV.dll
[1022/082548.293:ERROR:process_memory_win.cc(73)] ReadMemory at 0x7ffd1fe90000 of 64 bytes failed: Only part of a ReadProcessMemory or WriteProcessMemory request was completed. (0x12B)
[1022/082548.293:WARNING:pe_image_reader.cc(340)] could not read dos header from C:\WINDOWS\System32\profapi.dll
[1022/082548.293:ERROR:process_memory_win.cc(73)] ReadMemory at 0x7ffd0fa30000 of 64 bytes failed: Only part of a ReadProcessMemory or WriteProcessMemory request was completed. (0x12B)
[1022/082548.293:WARNING:pe_image_reader.cc(340)] could not read dos header from C:\WINDOWS\SYSTEM32\DWrite.dll
[1022/082548.293:ERROR:process_memory_win.cc(73)] ReadMemory at 0x7ffd05950000 of 64 bytes failed: Only part of a ReadProcessMemory or WriteProcessMemory request was completed. (0x12B)
[1022/082548.293:WARNING:pe_image_reader.cc(340)] could not read dos header from C:\WINDOWS\SYSTEM32\WINSPOOL.DRV
[1022/082548.293:ERROR:process_memory_win.cc(73)] ReadMemory at 0x7ffd1fe50000 of 64 bytes failed: Only part of a ReadProcessMemory or WriteProcessMemory request was completed. (0x12B)
[1022/082548.293:WARNING:pe_image_reader.cc(340)] could not read dos header from C:\WINDOWS\System32\kernel.appcore.dll
[1022/082548.293:ERROR:process_memory_win.cc(73)] ReadMemory at 0x7ffd20890000 of 64 bytes failed: Only part of a ReadProcessMemory or WriteProcessMemory request was completed. (0x12B)
[1022/082548.294:WARNING:pe_image_reader.cc(340)] could not read dos header from C:\WINDOWS\System32\bcrypt.dll
[1022/082548.294:ERROR:process_memory_win.cc(73)] ReadMemory at 0x7ffd16270000 of 64 bytes failed: Only part of a ReadProcessMemory or WriteProcessMemory request was completed. (0x12B)
[1022/082548.294:WARNING:pe_image_reader.cc(340)] could not read dos header from C:\WINDOWS\SYSTEM32\WINHTTP.dll
[1022/082548.294:ERROR:process_memory_win.cc(73)] ReadMemory at 0x7ffd179f0000 of 64 bytes failed: Only part of a ReadProcessMemory or WriteProcessMemory request was completed. (0x12B)
[1022/082548.294:WARNING:pe_image_reader.cc(340)] could not read dos header from C:\WINDOWS\SYSTEM32\dhcpcsvc.DLL
[1022/082548.294:ERROR:process_memory_win.cc(73)] ReadMemory at 0x7ffd22de0000 of 64 bytes failed: Only part of a ReadProcessMemory or WriteProcessMemory request was completed. (0x12B)
[1022/082548.294:WARNING:pe_image_reader.cc(340)] could not read dos header from C:\WINDOWS\System32\NSI.dll
[1022/082548.294:ERROR:process_memory_win.cc(73)] ReadMemory at 0x7ffd1d9e0000 of 64 bytes failed: Only part of a ReadProcessMemory or WriteProcessMemory request was completed. (0x12B)
[1022/082548.294:WARNING:pe_image_reader.cc(340)] could not read dos header from C:\WINDOWS\SYSTEM32\WINMMBASE.dll
[1022/082548.294:ERROR:process_memory_win.cc(73)] ReadMemory at 0x7ffd208c0000 of 64 bytes failed: Only part of a ReadProcessMemory or WriteProcessMemory request was completed. (0x12B)
[1022/082548.294:WARNING:pe_image_reader.cc(340)] could not read dos header from C:\WINDOWS\System32\cfgmgr32.dll
[1022/082548.294:ERROR:process_memory_win.cc(73)] ReadMemory at 0x7ffd1e600000 of 64 bytes failed: Only part of a ReadProcessMemory or WriteProcessMemory request was completed. (0x12B)
[1022/082548.294:WARNING:pe_image_reader.cc(340)] could not read dos header from C:\WINDOWS\SYSTEM32\PROPSYS.dll
[1022/082548.294:ERROR:process_memory_win.cc(73)] ReadMemory at 0x7ffd21030000 of 64 bytes failed: Only part of a ReadProcessMemory or WriteProcessMemory request was completed. (0x12B)
[1022/082548.294:WARNING:pe_image_reader.cc(340)] could not read dos header from C:\WINDOWS\System32\shcore.dll
[1022/082548.294:ERROR:process_memory_win.cc(73)] ReadMemory at 0x7ffd1fd50000 of 64 bytes failed: Only part of a ReadProcessMemory or WriteProcessMemory request was completed. (0x12B)
[1022/082548.294:WARNING:pe_image_reader.cc(340)] could not read dos header from C:\WINDOWS\SYSTEM32\SSPICLI.DLL
[1022/082548.294:ERROR:process_memory_win.cc(73)] ReadMemory at 0x7ffd1f800000 of 64 bytes failed: Only part of a ReadProcessMemory or WriteProcessMemory request was completed. (0x12B)
[1022/082548.294:WARNING:pe_image_reader.cc(340)] could not read dos header from C:\WINDOWS\SYSTEM32\CRYPTBASE.DLL
[1022/082549.174:ERROR:process_memory_win.cc(73)] ReadMemory at 0x7ff647dd0000 of 64 bytes failed: Only part of a ReadProcessMemory or WriteProcessMemory request was completed. (0x12B)
[1022/082549.175:WARNING:pe_image_reader.cc(340)] could not read dos header from C:\Program Files (x86)\Google\Chrome\Application\chrome.exe
[1022/082549.175:ERROR:process_memory_win.cc(73)] ReadMemory at 0x7ffd22ea0000 of 64 bytes failed: Only part of a ReadProcessMemory or WriteProcessMemory request was completed. (0x12B)
[1022/082549.175:WARNING:pe_image_reader.cc(340)] could not read dos header from C:\WINDOWS\SYSTEM32\ntdll.dll
[1022/082549.175:ERROR:process_memory_win.cc(73)] ReadMemory at 0x7ffd21740000 of 64 bytes failed: Only part of a ReadProcessMemory or WriteProcessMemory request was completed. (0x12B)
[1022/082549.175:WARNING:pe_image_reader.cc(340)] could not read dos header from C:\WINDOWS\System32\KERNEL32.DLL
[1022/082549.175:ERROR:process_memory_win.cc(73)] ReadMemory at 0x7ffd20960000 of 64 bytes failed: Only part of a ReadProcessMemory or WriteProcessMemory request was completed. (0x12B)
[1022/082549.175:WARNING:pe_image_reader.cc(340)] could not read dos header from C:\WINDOWS\System32\KERNELBASE.dll
[1022/082549.175:ERROR:process_memory_win.cc(73)] ReadMemory at 0x7ffd09340000 of 64 bytes failed: Only part of a ReadProcessMemory or WriteProcessMemory request was completed. (0x12B)
[1022/082549.175:WARNING:pe_image_reader.cc(340)] could not read dos header from C:\Program Files (x86)\Google\Chrome\Application\86.0.4240.111\chrome_elf.dll
[1022/082549.175:ERROR:process_memory_win.cc(73)] ReadMemory at 0x7ffd1e930000 of 64 bytes failed: Only part of a ReadProcessMemory or WriteProcessMemory request was completed. (0x12B)
[1022/082549.175:WARNING:pe_image_reader.cc(340)] could not read dos header from C:\WINDOWS\SYSTEM32\VERSION.dll
[1022/082549.175:ERROR:process_memory_win.cc(73)] ReadMemory at 0x7ffd22ae0000 of 64 bytes failed: Only part of a ReadProcessMemory or WriteProcessMemory request was completed. (0x12B)
[1022/082549.175:WARNING:pe_image_reader.cc(340)] could not read dos header from C:\WINDOWS\System32\msvcrt.dll
[1022/082549.175:ERROR:process_memory_win.cc(73)] ReadMemory at 0x7ffd20e10000 of 64 bytes failed: Only part of a ReadProcessMemory or WriteProcessMemory request was completed. (0x12B)
[1022/082549.175:WARNING:pe_image_reader.cc(340)] could not read dos header from C:\WINDOWS\System32\bcryptPrimitives.dll
[1022/082549.175:ERROR:process_memory_win.cc(73)] ReadMemory at 0x7ffd22a30000 of 64 bytes failed: Only part of a ReadProcessMemory or WriteProcessMemory request was completed. (0x12B)
[1022/082549.175:WARNING:pe_image_reader.cc(340)] could not read dos header from C:\WINDOWS\System32\ADVAPI32.dll
[1022/082549.175:ERROR:process_memory_win.cc(73)] ReadMemory at 0x7ffd22990000 of 64 bytes failed: Only part of a ReadProcessMemory or WriteProcessMemory request was completed. (0x12B)
[1022/082549.175:WARNING:pe_image_reader.cc(340)] could not read dos header from C:\WINDOWS\System32\sechost.dll
[1022/082549.175:ERROR:process_memory_win.cc(73)] ReadMemory at 0x7ffd21890000 of 64 bytes failed: Only part of a ReadProcessMemory or WriteProcessMemory request was completed. (0x12B)
[1022/082549.175:WARNING:pe_image_reader.cc(340)] could not read dos header from C:\WINDOWS\System32\RPCRT4.dll
[1022/082549.175:ERROR:process_memory_win.cc(73)] ReadMemory at 0x7ffcdafe0000 of 64 bytes failed: Only part of a ReadProcessMemory or WriteProcessMemory request was completed. (0x12B)
[1022/082549.175:WARNING:pe_image_reader.cc(340)] could not read dos header from C:\Program Files (x86)\Google\Chrome\Application\86.0.4240.111\chrome.dll
[1022/082549.175:ERROR:process_memory_win.cc(73)] ReadMemory at 0x7ffd22d70000 of 64 bytes failed: Only part of a ReadProcessMemory or WriteProcessMemory request was completed. (0x12B)
[1022/082549.175:WARNING:pe_image_reader.cc(340)] could not read dos header from C:\WINDOWS\System32\WS2_32.dll
[1022/082549.175:ERROR:process_memory_win.cc(73)] ReadMemory at 0x7ffd219e0000 of 64 bytes failed: Only part of a ReadProcessMemory or WriteProcessMemory request was completed. (0x12B)
[1022/082549.175:WARNING:pe_image_reader.cc(340)] could not read dos header from C:\WINDOWS\System32\OLEAUT32.dll
[1022/082549.175:ERROR:process_memory_win.cc(73)] ReadMemory at 0x7ffd20f90000 of 64 bytes failed: Only part of a ReadProcessMemory or WriteProcessMemory request was completed. (0x12B)
[1022/082549.175:WARNING:pe_image_reader.cc(340)] could not read dos header from C:\WINDOWS\System32\msvcp_win.dll
[1022/082549.175:ERROR:process_memory_win.cc(73)] ReadMemory at 0x7ffd20e90000 of 64 bytes failed: Only part of a ReadProcessMemory or WriteProcessMemory request was completed. (0x12B)
[1022/082549.175:WARNING:pe_image_reader.cc(340)] could not read dos header from C:\WINDOWS\System32\ucrtbase.dll
[1022/082549.175:ERROR:process_memory_win.cc(73)] ReadMemory at 0x7ffd211d0000 of 64 bytes failed: Only part of a ReadProcessMemory or WriteProcessMemory request was completed. (0x12B)
[1022/082549.175:WARNING:pe_image_reader.cc(340)] could not read dos header from C:\WINDOWS\System32\combase.dll
[1022/082549.175:ERROR:process_memory_win.cc(73)] ReadMemory at 0x7ffd20c10000 of 64 bytes failed: Only part of a ReadProcessMemory or WriteProcessMemory request was completed. (0x12B)
[1022/082549.175:WARNING:pe_image_reader.cc(340)] could not read dos header from C:\WINDOWS\System32\WINTRUST.dll
[1022/082549.175:ERROR:process_memory_win.cc(73)] ReadMemory at 0x7ffd1fe70000 of 64 bytes failed: Only part of a ReadProcessMemory or WriteProcessMemory request was completed. (0x12B)
[1022/082549.175:WARNING:pe_image_reader.cc(340)] could not read dos header from C:\WINDOWS\System32\MSASN1.dll
[1022/082549.175:ERROR:process_memory_win.cc(73)] ReadMemory at 0x7ffd1ff10000 of 64 bytes failed: Only part of a ReadProcessMemory or WriteProcessMemory request was completed. (0x12B)
[1022/082549.175:WARNING:pe_image_reader.cc(340)] could not read dos header from C:\WINDOWS\System32\CRYPT32.dll
[1022/082549.175:ERROR:process_memory_win.cc(73)] ReadMemory at 0x7ffd15170000 of 64 bytes failed: Only part of a ReadProcessMemory or WriteProcessMemory request was completed. (0x12B)
[1022/082549.175:WARNING:pe_image_reader.cc(340)] could not read dos header from C:\WINDOWS\SYSTEM32\dbghelp.dll
[1022/082549.175:ERROR:process_memory_win.cc(73)] ReadMemory at 0x7ffd1f340000 of 64 bytes failed: Only part of a ReadProcessMemory or WriteProcessMemory request was completed. (0x12B)
[1022/082549.175:WARNING:pe_image_reader.cc(340)] could not read dos header from C:\WINDOWS\SYSTEM32\IPHLPAPI.DLL
[1022/082549.175:ERROR:process_memory_win.cc(73)] ReadMemory at 0x7ffd1da10000 of 64 bytes failed: Only part of a ReadProcessMemory or WriteProcessMemory request was completed. (0x12B)
[1022/082549.175:WARNING:pe_image_reader.cc(340)] could not read dos header from C:\WINDOWS\SYSTEM32\WINMM.dll
[1022/082549.175:ERROR:process_memory_win.cc(73)] ReadMemory at 0x7ffd06380000 of 64 bytes failed: Only part of a ReadProcessMemory or WriteProcessMemory request was completed. (0x12B)
[1022/082549.175:WARNING:pe_image_reader.cc(340)] could not read dos header from C:\WINDOWS\SYSTEM32\UIAutomationCore.DLL
[1022/082549.176:ERROR:process_memory_win.cc(73)] ReadMemory at 0x7ffd1e9d0000 of 64 bytes failed: Only part of a ReadProcessMemory or WriteProcessMemory request was completed. (0x12B)
[1022/082549.176:WARNING:pe_image_reader.cc(340)] could not read dos header from C:\WINDOWS\SYSTEM32\Secur32.dll
[1022/082549.176:ERROR:process_memory_win.cc(73)] ReadMemory at 0x7ffd1fd20000 of 64 bytes failed: Only part of a ReadProcessMemory or WriteProcessMemory request was completed. (0x12B)
[1022/082549.176:WARNING:pe_image_reader.cc(340)] could not read dos header from C:\WINDOWS\SYSTEM32\USERENV.dll
[1022/082549.176:ERROR:process_memory_win.cc(73)] ReadMemory at 0x7ffd1fe90000 of 64 bytes failed: Only part of a ReadProcessMemory or WriteProcessMemory request was completed. (0x12B)
[1022/082549.176:WARNING:pe_image_reader.cc(340)] could not read dos header from C:\WINDOWS\System32\profapi.dll
[1022/082549.176:ERROR:process_memory_win.cc(73)] ReadMemory at 0x7ffd0fa30000 of 64 bytes failed: Only part of a ReadProcessMemory or WriteProcessMemory request was completed. (0x12B)
[1022/082549.176:WARNING:pe_image_reader.cc(340)] could not read dos header from C:\WINDOWS\SYSTEM32\DWrite.dll
[1022/082549.176:ERROR:process_memory_win.cc(73)] ReadMemory at 0x7ffd05950000 of 64 bytes failed: Only part of a ReadProcessMemory or WriteProcessMemory request was completed. (0x12B)
[1022/082549.176:WARNING:pe_image_reader.cc(340)] could not read dos header from C:\WINDOWS\SYSTEM32\WINSPOOL.DRV
[1022/082549.176:ERROR:process_memory_win.cc(73)] ReadMemory at 0x7ffd1fe50000 of 64 bytes failed: Only part of a ReadProcessMemory or WriteProcessMemory request was completed. (0x12B)
[1022/082549.176:WARNING:pe_image_reader.cc(340)] could not read dos header from C:\WINDOWS\System32\kernel.appcore.dll
[1022/082549.176:ERROR:process_memory_win.cc(73)] ReadMemory at 0x7ffd20890000 of 64 bytes failed: Only part of a ReadProcessMemory or WriteProcessMemory request was completed. (0x12B)
[1022/082549.176:WARNING:pe_image_reader.cc(340)] could not read dos header from C:\WINDOWS\System32\bcrypt.dll
[1022/082549.176:ERROR:process_memory_win.cc(73)] ReadMemory at 0x7ffd16270000 of 64 bytes failed: Only part of a ReadProcessMemory or WriteProcessMemory request was completed. (0x12B)
[1022/082549.176:WARNING:pe_image_reader.cc(340)] could not read dos header from C:\WINDOWS\SYSTEM32\WINHTTP.dll
[1022/082549.176:ERROR:process_memory_win.cc(73)] ReadMemory at 0x7ffd179f0000 of 64 bytes failed: Only part of a ReadProcessMemory or WriteProcessMemory request was completed. (0x12B)
[1022/082549.176:WARNING:pe_image_reader.cc(340)] could not read dos header from C:\WINDOWS\SYSTEM32\dhcpcsvc.DLL
[1022/082549.176:ERROR:process_memory_win.cc(73)] ReadMemory at 0x7ffd22de0000 of 64 bytes failed: Only part of a ReadProcessMemory or WriteProcessMemory request was completed. (0x12B)
[1022/082549.176:WARNING:pe_image_reader.cc(340)] could not read dos header from C:\WINDOWS\System32\NSI.dll
[1022/082549.176:ERROR:process_memory_win.cc(73)] ReadMemory at 0x7ffd1d9e0000 of 64 bytes failed: Only part of a ReadProcessMemory or WriteProcessMemory request was completed. (0x12B)
[1022/082549.176:WARNING:pe_image_reader.cc(340)] could not read dos header from C:\WINDOWS\SYSTEM32\WINMMBASE.dll
[1022/082549.176:ERROR:process_memory_win.cc(73)] ReadMemory at 0x7ffd208c0000 of 64 bytes failed: Only part of a ReadProcessMemory or WriteProcessMemory request was completed. (0x12B)
[1022/082549.176:WARNING:pe_image_reader.cc(340)] could not read dos header from C:\WINDOWS\System32\cfgmgr32.dll
[1022/082549.176:ERROR:process_memory_win.cc(73)] ReadMemory at 0x7ffd1e600000 of 64 bytes failed: Only part of a ReadProcessMemory or WriteProcessMemory request was completed. (0x12B)
[1022/082549.176:WARNING:pe_image_reader.cc(340)] could not read dos header from C:\WINDOWS\SYSTEM32\PROPSYS.dll
[1022/082549.176:ERROR:process_memory_win.cc(73)] ReadMemory at 0x7ffd21030000 of 64 bytes failed: Only part of a ReadProcessMemory or WriteProcessMemory request was completed. (0x12B)
[1022/082549.176:WARNING:pe_image_reader.cc(340)] could not read dos header from C:\WINDOWS\System32\shcore.dll
[1022/082549.176:ERROR:process_memory_win.cc(73)] ReadMemory at 0x7ffd1fd50000 of 64 bytes failed: Only part of a ReadProcessMemory or WriteProcessMemory request was completed. (0x12B)
[1022/082549.176:WARNING:pe_image_reader.cc(340)] could not read dos header from C:\WINDOWS\SYSTEM32\SSPICLI.DLL
[1022/082549.176:ERROR:process_memory_win.cc(73)] ReadMemory at 0x7ffd1f800000 of 64 bytes failed: Only part of a ReadProcessMemory or WriteProcessMemory request was completed. (0x12B)
[1022/082549.176:WARNING:pe_image_reader.cc(340)] could not read dos header from C:\WINDOWS\SYSTEM32\CRYPTBASE.DLL
[1022/082549.176:ERROR:process_memory_win.cc(73)] ReadMemory at 0x7ff647dd0000 of 64 bytes failed: Only part of a ReadProcessMemory or WriteProcessMemory request was completed. (0x12B)
[1022/082549.176:WARNING:pe_image_reader.cc(340)] could not read dos header from C:\Program Files (x86)\Google\Chrome\Application\chrome.exe
[1022/082549.176:ERROR:process_memory_win.cc(73)] ReadMemory at 0x7ffd22ea0000 of 64 bytes failed: Only part of a ReadProcessMemory or WriteProcessMemory request was completed. (0x12B)
[1022/082549.176:WARNING:pe_image_reader.cc(340)] could not read dos header from C:\WINDOWS\SYSTEM32\ntdll.dll
[1022/082549.176:ERROR:process_memory_win.cc(73)] ReadMemory at 0x7ffd21740000 of 64 bytes failed: Only part of a ReadProcessMemory or WriteProcessMemory request was completed. (0x12B)
[1022/082549.176:WARNING:pe_image_reader.cc(340)] could not read dos header from C:\WINDOWS\System32\KERNEL32.DLL
[1022/082549.176:ERROR:process_memory_win.cc(73)] ReadMemory at 0x7ffd20960000 of 64 bytes failed: Only part of a ReadProcessMemory or WriteProcessMemory request was completed. (0x12B)
[1022/082549.176:WARNING:pe_image_reader.cc(340)] could not read dos header from C:\WINDOWS\System32\KERNELBASE.dll
[1022/082549.176:ERROR:process_memory_win.cc(73)] ReadMemory at 0x7ffd09340000 of 64 bytes failed: Only part of a ReadProcessMemory or WriteProcessMemory request was completed. (0x12B)
[1022/082549.176:WARNING:pe_image_reader.cc(340)] could not read dos header from C:\Program Files (x86)\Google\Chrome\Application\86.0.4240.111\chrome_elf.dll
[1022/082549.176:ERROR:process_memory_win.cc(73)] ReadMemory at 0x7ffd1e930000 of 64 bytes failed: Only part of a ReadProcessMemory or WriteProcessMemory request was completed. (0x12B)
[1022/082549.176:WARNING:pe_image_reader.cc(340)] could not read dos header from C:\WINDOWS\SYSTEM32\VERSION.dll
[1022/082549.176:ERROR:process_memory_win.cc(73)] ReadMemory at 0x7ffd22ae0000 of 64 bytes failed: Only part of a ReadProcessMemory or WriteProcessMemory request was completed. (0x12B)
[1022/082549.176:WARNING:pe_image_reader.cc(340)] could not read dos header from C:\WINDOWS\System32\msvcrt.dll
[1022/082549.176:ERROR:process_memory_win.cc(73)] ReadMemory at 0x7ffd20e10000 of 64 bytes failed: Only part of a ReadProcessMemory or WriteProcessMemory request was completed. (0x12B)
[1022/082549.176:WARNING:pe_image_reader.cc(340)] could not read dos header from C:\WINDOWS\System32\bcryptPrimitives.dll
[1022/082549.176:ERROR:process_memory_win.cc(73)] ReadMemory at 0x7ffd22a30000 of 64 bytes failed: Only part of a ReadProcessMemory or WriteProcessMemory request was completed. (0x12B)
[1022/082549.176:WARNING:pe_image_reader.cc(340)] could not read dos header from C:\WINDOWS\System32\ADVAPI32.dll
[1022/082549.176:ERROR:process_memory_win.cc(73)] ReadMemory at 0x7ffd22990000 of 64 bytes failed: Only part of a ReadProcessMemory or WriteProcessMemory request was completed. (0x12B)
[1022/082549.176:WARNING:pe_image_reader.cc(340)] could not read dos header from C:\WINDOWS\System32\sechost.dll
[1022/082549.176:ERROR:process_memory_win.cc(73)] ReadMemory at 0x7ffd21890000 of 64 bytes failed: Only part of a ReadProcessMemory or WriteProcessMemory request was completed. (0x12B)
[1022/082549.176:WARNING:pe_image_reader.cc(340)] could not read dos header from C:\WINDOWS\System32\RPCRT4.dll
[1022/082549.177:ERROR:process_memory_win.cc(73)] ReadMemory at 0x7ffcdafe0000 of 64 bytes failed: Only part of a ReadProcessMemory or WriteProcessMemory request was completed. (0x12B)
[1022/082549.177:WARNING:pe_image_reader.cc(340)] could not read dos header from C:\Program Files (x86)\Google\Chrome\Application\86.0.4240.111\chrome.dll
[1022/082549.177:ERROR:process_memory_win.cc(73)] ReadMemory at 0x7ffd22d70000 of 64 bytes failed: Only part of a ReadProcessMemory or WriteProcessMemory request was completed. (0x12B)
[1022/082549.177:WARNING:pe_image_reader.cc(340)] could not read dos header from C:\WINDOWS\System32\WS2_32.dll
[1022/082549.177:ERROR:process_memory_win.cc(73)] ReadMemory at 0x7ffd219e0000 of 64 bytes failed: Only part of a ReadProcessMemory or WriteProcessMemory request was completed. (0x12B)
[1022/082549.177:WARNING:pe_image_reader.cc(340)] could not read dos header from C:\WINDOWS\System32\OLEAUT32.dll
[1022/082549.177:ERROR:process_memory_win.cc(73)] ReadMemory at 0x7ffd20f90000 of 64 bytes failed: Only part of a ReadProcessMemory or WriteProcessMemory request was completed. (0x12B)
[1022/082549.177:WARNING:pe_image_reader.cc(340)] could not read dos header from C:\WINDOWS\System32\msvcp_win.dll
[1022/082549.177:ERROR:process_memory_win.cc(73)] ReadMemory at 0x7ffd20e90000 of 64 bytes failed: Only part of a ReadProcessMemory or WriteProcessMemory request was completed. (0x12B)
[1022/082549.177:WARNING:pe_image_reader.cc(340)] could not read dos header from C:\WINDOWS\System32\ucrtbase.dll
[1022/082549.177:ERROR:process_memory_win.cc(73)] ReadMemory at 0x7ffd211d0000 of 64 bytes failed: Only part of a ReadProcessMemory or WriteProcessMemory request was completed. (0x12B)
[1022/082549.177:WARNING:pe_image_reader.cc(340)] could not read dos header from C:\WINDOWS\System32\combase.dll
[1022/082549.177:ERROR:process_memory_win.cc(73)] ReadMemory at 0x7ffd20c10000 of 64 bytes failed: Only part of a ReadProcessMemory or WriteProcessMemory request was completed. (0x12B)
[1022/082549.177:WARNING:pe_image_reader.cc(340)] could not read dos header from C:\WINDOWS\System32\WINTRUST.dll
[1022/082549.177:ERROR:process_memory_win.cc(73)] ReadMemory at 0x7ffd1fe70000 of 64 bytes failed: Only part of a ReadProcessMemory or WriteProcessMemory request was completed. (0x12B)
[1022/082549.177:WARNING:pe_image_reader.cc(340)] could not read dos header from C:\WINDOWS\System32\MSASN1.dll
[1022/082549.177:ERROR:process_memory_win.cc(73)] ReadMemory at 0x7ffd1ff10000 of 64 bytes failed: Only part of a ReadProcessMemory or WriteProcessMemory request was completed. (0x12B)
[1022/082549.177:WARNING:pe_image_reader.cc(340)] could not read dos header from C:\WINDOWS\System32\CRYPT32.dll
[1022/082549.177:ERROR:process_memory_win.cc(73)] ReadMemory at 0x7ffd15170000 of 64 bytes failed: Only part of a ReadProcessMemory or WriteProcessMemory request was completed. (0x12B)
[1022/082549.177:WARNING:pe_image_reader.cc(340)] could not read dos header from C:\WINDOWS\SYSTEM32\dbghelp.dll
[1022/082549.177:ERROR:process_memory_win.cc(73)] ReadMemory at 0x7ffd1f340000 of 64 bytes failed: Only part of a ReadProcessMemory or WriteProcessMemory request was completed. (0x12B)
[1022/082549.177:WARNING:pe_image_reader.cc(340)] could not read dos header from C:\WINDOWS\SYSTEM32\IPHLPAPI.DLL
[1022/082549.177:ERROR:process_memory_win.cc(73)] ReadMemory at 0x7ffd1da10000 of 64 bytes failed: Only part of a ReadProcessMemory or WriteProcessMemory request was completed. (0x12B)
[1022/082549.177:WARNING:pe_image_reader.cc(340)] could not read dos header from C:\WINDOWS\SYSTEM32\WINMM.dll
[1022/082549.177:ERROR:process_memory_win.cc(73)] ReadMemory at 0x7ffd06380000 of 64 bytes failed: Only part of a ReadProcessMemory or WriteProcessMemory request was completed. (0x12B)
[1022/082549.177:WARNING:pe_image_reader.cc(340)] could not read dos header from C:\WINDOWS\SYSTEM32\UIAutomationCore.DLL
[1022/082549.177:ERROR:process_memory_win.cc(73)] ReadMemory at 0x7ffd1e9d0000 of 64 bytes failed: Only part of a ReadProcessMemory or WriteProcessMemory request was completed. (0x12B)
[1022/082549.177:WARNING:pe_image_reader.cc(340)] could not read dos header from C:\WINDOWS\SYSTEM32\Secur32.dll
[1022/082549.177:ERROR:process_memory_win.cc(73)] ReadMemory at 0x7ffd1fd20000 of 64 bytes failed: Only part of a ReadProcessMemory or WriteProcessMemory request was completed. (0x12B)
[1022/082549.177:WARNING:pe_image_reader.cc(340)] could not read dos header from C:\WINDOWS\SYSTEM32\USERENV.dll
[1022/082549.177:ERROR:process_memory_win.cc(73)] ReadMemory at 0x7ffd1fe90000 of 64 bytes failed: Only part of a ReadProcessMemory or WriteProcessMemory request was completed. (0x12B)
[1022/082549.177:WARNING:pe_image_reader.cc(340)] could not read dos header from C:\WINDOWS\System32\profapi.dll
[1022/082549.177:ERROR:process_memory_win.cc(73)] ReadMemory at 0x7ffd0fa30000 of 64 bytes failed: Only part of a ReadProcessMemory or WriteProcessMemory request was completed. (0x12B)
[1022/082549.177:WARNING:pe_image_reader.cc(340)] could not read dos header from C:\WINDOWS\SYSTEM32\DWrite.dll
[1022/082549.177:ERROR:process_memory_win.cc(73)] ReadMemory at 0x7ffd05950000 of 64 bytes failed: Only part of a ReadProcessMemory or WriteProcessMemory request was completed. (0x12B)
[1022/082549.177:WARNING:pe_image_reader.cc(340)] could not read dos header from C:\WINDOWS\SYSTEM32\WINSPOOL.DRV
[1022/082549.177:ERROR:process_memory_win.cc(73)] ReadMemory at 0x7ffd1fe50000 of 64 bytes failed: Only part of a ReadProcessMemory or WriteProcessMemory request was completed. (0x12B)
[1022/082549.177:WARNING:pe_image_reader.cc(340)] could not read dos header from C:\WINDOWS\System32\kernel.appcore.dll
[1022/082549.177:ERROR:process_memory_win.cc(73)] ReadMemory at 0x7ffd20890000 of 64 bytes failed: Only part of a ReadProcessMemory or WriteProcessMemory request was completed. (0x12B)
[1022/082549.177:WARNING:pe_image_reader.cc(340)] could not read dos header from C:\WINDOWS\System32\bcrypt.dll
[1022/082549.177:ERROR:process_memory_win.cc(73)] ReadMemory at 0x7ffd16270000 of 64 bytes failed: Only part of a ReadProcessMemory or WriteProcessMemory request was completed. (0x12B)
[1022/082549.177:WARNING:pe_image_reader.cc(340)] could not read dos header from C:\WINDOWS\SYSTEM32\WINHTTP.dll
[1022/082549.177:ERROR:process_memory_win.cc(73)] ReadMemory at 0x7ffd179f0000 of 64 bytes failed: Only part of a ReadProcessMemory or WriteProcessMemory request was completed. (0x12B)
[1022/082549.177:WARNING:pe_image_reader.cc(340)] could not read dos header from C:\WINDOWS\SYSTEM32\dhcpcsvc.DLL
[1022/082549.177:ERROR:process_memory_win.cc(73)] ReadMemory at 0x7ffd22de0000 of 64 bytes failed: Only part of a ReadProcessMemory or WriteProcessMemory request was completed. (0x12B)
[1022/082549.177:WARNING:pe_image_reader.cc(340)] could not read dos header from C:\WINDOWS\System32\NSI.dll
[1022/082549.177:ERROR:process_memory_win.cc(73)] ReadMemory at 0x7ffd1d9e0000 of 64 bytes failed: Only part of a ReadProcessMemory or WriteProcessMemory request was completed. (0x12B)
[1022/082549.177:WARNING:pe_image_reader.cc(340)] could not read dos header from C:\WINDOWS\SYSTEM32\WINMMBASE.dll
[1022/082549.177:ERROR:process_memory_win.cc(73)] ReadMemory at 0x7ffd208c0000 of 64 bytes failed: Only part of a ReadProcessMemory or WriteProcessMemory request was completed. (0x12B)
[1022/082549.177:WARNING:pe_image_reader.cc(340)] could not read dos header from C:\WINDOWS\System32\cfgmgr32.dll
[1022/082549.177:ERROR:process_memory_win.cc(73)] ReadMemory at 0x7ffd1e600000 of 64 bytes failed: Only part of a ReadProcessMemory or WriteProcessMemory request was completed. (0x12B)
[1022/082549.177:WARNING:pe_image_reader.cc(340)] could not read dos header from C:\WINDOWS\SYSTEM32\PROPSYS.dll
[1022/082549.177:ERROR:process_memory_win.cc(73)] ReadMemory at 0x7ffd21030000 of 64 bytes failed: Only part of a ReadProcessMemory or WriteProcessMemory request was completed. (0x12B)
[1022/082549.177:WARNING:pe_image_reader.cc(340)] could not read dos header from C:\WINDOWS\System32\shcore.dll
[1022/082549.178:ERROR:process_memory_win.cc(73)] ReadMemory at 0x7ffd1fd50000 of 64 bytes failed: Only part of a ReadProcessMemory or WriteProcessMemory request was completed. (0x12B)
[1022/082549.178:WARNING:pe_image_reader.cc(340)] could not read dos header from C:\WINDOWS\SYSTEM32\SSPICLI.DLL
[1022/082549.178:ERROR:process_memory_win.cc(73)] ReadMemory at 0x7ffd1f800000 of 64 bytes failed: Only part of a ReadProcessMemory or WriteProcessMemory request was completed. (0x12B)
[1022/082549.178:WARNING:pe_image_reader.cc(340)] could not read dos header from C:\WINDOWS\SYSTEM32\CRYPTBASE.DLL
[1022/082549.186:ERROR:process_memory_win.cc(73)] ReadMemory at 0xc2d31e6000 of 106496 bytes failed: Only part of a ReadProcessMemory or WriteProcessMemory request was completed. (0x12B)
[1022/082549.186:ERROR:process_memory_win.cc(73)] ReadMemory at 0xc2d39fe000 of 8192 bytes failed: Only part of a ReadProcessMemory or WriteProcessMemory request was completed. (0x12B)
[1022/082549.186:ERROR:process_memory_win.cc(73)] ReadMemory at 0xc2d49fe000 of 8192 bytes failed: Only part of a ReadProcessMemory or WriteProcessMemory request was completed. (0x12B)
[1022/082549.186:ERROR:process_memory_win.cc(73)] ReadMemory at 0xc2d51fd000 of 12288 bytes failed: Only part of a ReadProcessMemory or WriteProcessMemory request was completed. (0x12B)
[1022/082549.186:ERROR:process_memory_win.cc(73)] ReadMemory at 0xc2d61fe000 of 8192 bytes failed: Only part of a ReadProcessMemory or WriteProcessMemory request was completed. (0x12B)
[1022/082549.186:ERROR:process_memory_win.cc(73)] ReadMemory at 0xc2d69fe000 of 8192 bytes failed: Only part of a ReadProcessMemory or WriteProcessMemory request was completed. (0x12B)
[1022/082549.186:ERROR:process_memory_win.cc(73)] ReadMemory at 0xc2d71fd000 of 12288 bytes failed: Only part of a ReadProcessMemory or WriteProcessMemory request was completed. (0x12B)
[1022/082549.186:ERROR:process_memory_win.cc(73)] ReadMemory at 0xc2d81fe000 of 8192 bytes failed: Only part of a ReadProcessMemory or WriteProcessMemory request was completed. (0x12B)
[1022/082549.186:ERROR:process_memory_win.cc(73)] ReadMemory at 0xc2d89fc000 of 16384 bytes failed: Only part of a ReadProcessMemory or WriteProcessMemory request was completed. (0x12B)
[1022/082549.186:ERROR:process_memory_win.cc(73)] ReadMemory at 0xc2d91fc000 of 16384 bytes failed: Only part of a ReadProcessMemory or WriteProcessMemory request was completed. (0x12B)
[1022/082549.186:ERROR:process_memory_win.cc(73)] ReadMemory at 0xc2d99fc000 of 16384 bytes failed: Only part of a ReadProcessMemory or WriteProcessMemory request was completed. (0x12B)
[1022/082549.186:ERROR:process_memory_win.cc(73)] ReadMemory at 0xc2da1ce000 of 204800 bytes failed: Only part of a ReadProcessMemory or WriteProcessMemory request was completed. (0x12B)
[1022/082549.187:ERROR:process_memory_win.cc(73)] ReadMemory at 0xc2db9fd000 of 12288 bytes failed: Only part of a ReadProcessMemory or WriteProcessMemory request was completed. (0x12B)
[1022/082549.187:ERROR:process_memory_win.cc(73)] ReadMemory at 0xc2d41ff000 of 4096 bytes failed: Only part of a ReadProcessMemory or WriteProcessMemory request was completed. (0x12B)
[1022/082549.187:ERROR:process_memory_win.cc(73)] ReadMemory at 0xc2d28bc000 of 852 bytes failed: Only part of a ReadProcessMemory or WriteProcessMemory request was completed. (0x12B)
[1022/082549.187:ERROR:process_memory_win.cc(73)] ReadMemory at 0xc2d28bd000 of 6024 bytes failed: Only part of a ReadProcessMemory or WriteProcessMemory request was completed. (0x12B)
[1022/082549.187:ERROR:process_memory_win.cc(73)] ReadMemory at 0xc2d28bf000 of 6024 bytes failed: Only part of a ReadProcessMemory or WriteProcessMemory request was completed. (0x12B)
[1022/082549.187:ERROR:process_memory_win.cc(73)] ReadMemory at 0xc2d28c3000 of 6024 bytes failed: Only part of a ReadProcessMemory or WriteProcessMemory request was completed. (0x12B)
[1022/082549.187:ERROR:process_memory_win.cc(73)] ReadMemory at 0xc2d28c5000 of 6024 bytes failed: Only part of a ReadProcessMemory or WriteProcessMemory request was completed. (0x12B)
[1022/082549.187:ERROR:process_memory_win.cc(73)] ReadMemory at 0xc2d28c9000 of 6024 bytes failed: Only part of a ReadProcessMemory or WriteProcessMemory request was completed. (0x12B)
[1022/082549.187:ERROR:process_memory_win.cc(73)] ReadMemory at 0xc2d28cb000 of 6024 bytes failed: Only part of a ReadProcessMemory or WriteProcessMemory request was completed. (0x12B)
[1022/082549.187:ERROR:process_memory_win.cc(73)] ReadMemory at 0xc2d28cd000 of 6024 bytes failed: Only part of a ReadProcessMemory or WriteProcessMemory request was completed. (0x12B)
[1022/082549.187:ERROR:process_memory_win.cc(73)] ReadMemory at 0xc2d28d1000 of 6024 bytes failed: Only part of a ReadProcessMemory or WriteProcessMemory request was completed. (0x12B)
[1022/082549.187:ERROR:process_memory_win.cc(73)] ReadMemory at 0xc2d28d3000 of 6024 bytes failed: Only part of a ReadProcessMemory or WriteProcessMemory request was completed. (0x12B)
[1022/082549.187:ERROR:process_memory_win.cc(73)] ReadMemory at 0xc2d28d5000 of 6024 bytes failed: Only part of a ReadProcessMemory or WriteProcessMemory request was completed. (0x12B)
[1022/082549.187:ERROR:process_memory_win.cc(73)] ReadMemory at 0xc2d28d7000 of 6024 bytes failed: Only part of a ReadProcessMemory or WriteProcessMemory request was completed. (0x12B)
[1022/082549.187:ERROR:process_memory_win.cc(73)] ReadMemory at 0xc2d28d9000 of 6024 bytes failed: Only part of a ReadProcessMemory or WriteProcessMemory request was completed. (0x12B)
[1022/082549.187:ERROR:process_memory_win.cc(73)] ReadMemory at 0xc2d28e1000 of 6024 bytes failed: Only part of a ReadProcessMemory or WriteProcessMemory request was completed. (0x12B)
[1022/082549.188:ERROR:process_memory_win.cc(73)] ReadMemory at 0xc2d28e3000 of 6024 bytes failed: Only part of a ReadProcessMemory or WriteProcessMemory request was completed. (0x12B)
[1022/082549.188:ERROR:process_memory_win.cc(73)] ReadMemory at 0x27ed6cc0fe0 of 19298 bytes failed: Only part of a ReadProcessMemory or WriteProcessMemory request was completed. (0x12B)
[1022/082549.188:ERROR:process_memory_win.cc(73)] ReadMemory at 0x27ed6cc5b50 of 1012 bytes failed: Only part of a ReadProcessMemory or WriteProcessMemory request was completed. (0x12B)
[1022/082549.188:ERROR:process_memory_win.cc(73)] ReadMemory at 0x27ed6cc6198 of 118 bytes failed: Only part of a ReadProcessMemory or WriteProcessMemory request was completed. (0x12B)
[1022/082549.188:ERROR:process_memory_win.cc(73)] ReadMemory at 0x27ed6cc6210 of 718 bytes failed: Only part of a ReadProcessMemory or WriteProcessMemory request was completed. (0x12B)
[1022/082549.188:ERROR:process_memory_win.cc(73)] ReadMemory at 0x27ed6cc64e0 of 118 bytes failed: Only part of a ReadProcessMemory or WriteProcessMemory request was completed. (0x12B)
[1022/082549.188:ERROR:process_memory_win.cc(73)] ReadMemory at 0x27ed6cc6558 of 96 bytes failed: Only part of a ReadProcessMemory or WriteProcessMemory request was completed. (0x12B)
[1022/082549.188:ERROR:process_memory_win.cc(73)] ReadMemory at 0x27ed6cc65d0 of 58 bytes failed: Only part of a ReadProcessMemory or WriteProcessMemory request was completed. (0x12B)
[1022/082549.188:ERROR:process_memory_win.cc(73)] ReadMemory at 0x27ed6cc66d0 of 132 bytes failed: Only part of a ReadProcessMemory or WriteProcessMemory request was completed. (0x12B)
[1022/082549.188:ERROR:process_memory_win.cc(73)] ReadMemory at 0x27ed6cc6860 of 132 bytes failed: Only part of a ReadProcessMemory or WriteProcessMemory request was completed. (0x12B)
[1022/082549.188:ERROR:process_memory_win.cc(73)] ReadMemory at 0x27ed6cc6a20 of 126 bytes failed: Only part of a ReadProcessMemory or WriteProcessMemory request was completed. (0x12B)
[1022/082549.188:ERROR:process_memory_win.cc(73)] ReadMemory at 0x27ed6cc6f20 of 132 bytes failed: Only part of a ReadProcessMemory or WriteProcessMemory request was completed. (0x12B)
[1022/082549.188:ERROR:process_memory_win.cc(73)] ReadMemory at 0x27ed6cc70b0 of 64 bytes failed: Only part of a ReadProcessMemory or WriteProcessMemory request was completed. (0x12B)
[1022/082549.188:ERROR:process_memory_win.cc(73)] ReadMemory at 0x27ed6cc7270 of 132 bytes failed: Only part of a ReadProcessMemory or WriteProcessMemory request was completed. (0x12B)
[1022/082549.188:ERROR:process_memory_win.cc(73)] ReadMemory at 0x27ed6cc7510 of 132 bytes failed: Only part of a ReadProcessMemory or WriteProcessMemory request was completed. (0x12B)
[1022/082549.188:ERROR:process_memory_win.cc(73)] ReadMemory at 0x27ed6cc76a0 of 68 bytes failed: Only part of a ReadProcessMemory or WriteProcessMemory request was completed. (0x12B)
[1022/082549.188:ERROR:process_memory_win.cc(73)] ReadMemory at 0x27ed6cc8750 of 132 bytes failed: Only part of a ReadProcessMemory or WriteProcessMemory request was completed. (0x12B)
[1022/082549.188:ERROR:process_memory_win.cc(73)] ReadMemory at 0x27ed6cc88e0 of 154 bytes failed: Only part of a ReadProcessMemory or WriteProcessMemory request was completed. (0x12B)
[1022/082549.188:ERROR:process_memory_win.cc(73)] ReadMemory at 0x27ed6cc9600 of 62 bytes failed: Only part of a ReadProcessMemory or WriteProcessMemory request was completed. (0x12B)
[1022/082549.188:ERROR:process_memory_win.cc(73)] ReadMemory at 0x27ed6cc9730 of 132 bytes failed: Only part of a ReadProcessMemory or WriteProcessMemory request was completed. (0x12B)
[1022/082549.188:ERROR:process_memory_win.cc(73)] ReadMemory at 0x27ed6cc98c0 of 60 bytes failed: Only part of a ReadProcessMemory or WriteProcessMemory request was completed. (0x12B)
[1022/082549.188:ERROR:process_memory_win.cc(73)] ReadMemory at 0x27ed6cd8780 of 62 bytes failed: Only part of a ReadProcessMemory or WriteProcessMemory request was completed. (0x12B)
[1022/082549.188:ERROR:process_memory_win.cc(73)] ReadMemory at 0x27ed6cdacd0 of 80 bytes failed: Only part of a ReadProcessMemory or WriteProcessMemory request was completed. (0x12B)
[1022/082549.188:ERROR:process_memory_win.cc(73)] ReadMemory at 0x27ed6cdc660 of 54 bytes failed: Only part of a ReadProcessMemory or WriteProcessMemory request was completed. (0x12B)
[1022/082549.188:ERROR:process_memory_win.cc(73)] ReadMemory at 0x27ed6cdd9c0 of 132 bytes failed: Only part of a ReadProcessMemory or WriteProcessMemory request was completed. (0x12B)
[1022/082549.188:ERROR:process_memory_win.cc(73)] ReadMemory at 0x27ed6cde4b0 of 132 bytes failed: Only part of a ReadProcessMemory or WriteProcessMemory request was completed. (0x12B)
[1022/082549.189:ERROR:process_memory_win.cc(73)] ReadMemory at 0x27ed6cde720 of 132 bytes failed: Only part of a ReadProcessMemory or WriteProcessMemory request was completed. (0x12B)
[1022/082549.189:ERROR:process_memory_win.cc(73)] ReadMemory at 0x27ed6cdfe30 of 76 bytes failed: Only part of a ReadProcessMemory or WriteProcessMemory request was completed. (0x12B)
[1022/082549.189:ERROR:process_memory_win.cc(73)] ReadMemory at 0x27ed6ce4080 of 80 bytes failed: Only part of a ReadProcessMemory or WriteProcessMemory request was completed. (0x12B)
[1022/082549.189:ERROR:process_memory_win.cc(73)] ReadMemory at 0x27ed6ce48d0 of 132 bytes failed: Only part of a ReadProcessMemory or WriteProcessMemory request was completed. (0x12B)
[1022/082549.189:ERROR:process_memory_win.cc(73)] ReadMemory at 0x27ed6ce4af0 of 132 bytes failed: Only part of a ReadProcessMemory or WriteProcessMemory request was completed. (0x12B)
[1022/082549.189:ERROR:process_memory_win.cc(73)] ReadMemory at 0x27ed6ce4e50 of 132 bytes failed: Only part of a ReadProcessMemory or WriteProcessMemory request was completed. (0x12B)
[1022/082549.189:ERROR:process_memory_win.cc(73)] ReadMemory at 0x27ed6ce5130 of 64 bytes failed: Only part of a ReadProcessMemory or WriteProcessMemory request was completed. (0x12B)
[1022/082549.189:ERROR:process_memory_win.cc(73)] ReadMemory at 0x27ed6ce5220 of 62 bytes failed: Only part of a ReadProcessMemory or WriteProcessMemory request was completed. (0x12B)
[1022/082549.189:ERROR:process_memory_win.cc(73)] ReadMemory at 0x27ed6ce5270 of 64 bytes failed: Only part of a ReadProcessMemory or WriteProcessMemory request was completed. (0x12B)
[1022/082549.189:ERROR:process_memory_win.cc(73)] ReadMemory at 0x27ed6ce52c0 of 62 bytes failed: Only part of a ReadProcessMemory or WriteProcessMemory request was completed. (0x12B)
[1022/082549.189:ERROR:process_memory_win.cc(73)] ReadMemory at 0x27ed6ce5360 of 64 bytes failed: Only part of a ReadProcessMemory or WriteProcessMemory request was completed. (0x12B)
[1022/082549.189:ERROR:process_memory_win.cc(73)] ReadMemory at 0x27ed6ce5400 of 64 bytes failed: Only part of a ReadProcessMemory or WriteProcessMemory request was completed. (0x12B)
[1022/082549.189:ERROR:process_memory_win.cc(73)] ReadMemory at 0x27ed6ce54f0 of 66 bytes failed: Only part of a ReadProcessMemory or WriteProcessMemory request was completed. (0x12B)
[1022/082549.189:ERROR:process_memory_win.cc(73)] ReadMemory at 0x27ed6ce5540 of 60 bytes failed: Only part of a ReadProcessMemory or WriteProcessMemory request was completed. (0x12B)
[1022/082549.189:ERROR:process_memory_win.cc(73)] ReadMemory at 0x27ed6ce5590 of 60 bytes failed: Only part of a ReadProcessMemory or WriteProcessMemory request was completed. (0x12B)
[1022/082549.189:ERROR:process_memory_win.cc(73)] ReadMemory at 0x27ed6ce55e0 of 64 bytes failed: Only part of a ReadProcessMemory or WriteProcessMemory request was completed. (0x12B)
[1022/082549.189:ERROR:process_memory_win.cc(73)] ReadMemory at 0x27ed6ce5680 of 60 bytes failed: Only part of a ReadProcessMemory or WriteProcessMemory request was completed. (0x12B)
[1022/082549.189:ERROR:process_memory_win.cc(73)] ReadMemory at 0x27ed6ce56d0 of 60 bytes failed: Only part of a ReadProcessMemory or WriteProcessMemory request was completed. (0x12B)
[1022/082549.189:ERROR:process_memory_win.cc(73)] ReadMemory at 0x27ed6ce57c0 of 64 bytes failed: Only part of a ReadProcessMemory or WriteProcessMemory request was completed. (0x12B)
[1022/082549.189:ERROR:process_memory_win.cc(73)] ReadMemory at 0x27ed6ce5860 of 64 bytes failed: Only part of a ReadProcessMemory or WriteProcessMemory request was completed. (0x12B)
[1022/082549.189:ERROR:process_memory_win.cc(73)] ReadMemory at 0x27ed6ce58b0 of 66 bytes failed: Only part of a ReadProcessMemory or WriteProcessMemory request was completed. (0x12B)
[1022/082549.189:ERROR:process_memory_win.cc(73)] ReadMemory at 0x27ed6ce5950 of 64 bytes failed: Only part of a ReadProcessMemory or WriteProcessMemory request was completed. (0x12B)
[1022/082549.189:ERROR:process_memory_win.cc(73)] ReadMemory at 0x27ed6ce5a40 of 62 bytes failed: Only part of a ReadProcessMemory or WriteProcessMemory request was completed. (0x12B)
[1022/082549.189:ERROR:process_memory_win.cc(73)] ReadMemory at 0x27ed6ce5ae0 of 58 bytes failed: Only part of a ReadProcessMemory or WriteProcessMemory request was completed. (0x12B)
[1022/082549.189:ERROR:process_memory_win.cc(73)] ReadMemory at 0x27ed6ce5b30 of 62 bytes failed: Only part of a ReadProcessMemory or WriteProcessMemory request was completed. (0x12B)
[1022/082549.189:ERROR:process_memory_win.cc(73)] ReadMemory at 0x27ed6ce5b80 of 62 bytes failed: Only part of a ReadProcessMemory or WriteProcessMemory request was completed. (0x12B)
[1022/082549.189:ERROR:process_memory_win.cc(73)] ReadMemory at 0x27ed6ce5c20 of 62 bytes failed: Only part of a ReadProcessMemory or WriteProcessMemory request was completed. (0x12B)
[1022/082549.190:ERROR:process_memory_win.cc(73)] ReadMemory at 0x27ed6ce5c70 of 62 bytes failed: Only part of a ReadProcessMemory or WriteProcessMemory request was completed. (0x12B)
[1022/082549.190:ERROR:process_memory_win.cc(73)] ReadMemory at 0x27ed6ce5d60 of 60 bytes failed: Only part of a ReadProcessMemory or WriteProcessMemory request was completed. (0x12B)
[1022/082549.190:ERROR:process_memory_win.cc(73)] ReadMemory at 0x27ed6ce5ea0 of 60 bytes failed: Only part of a ReadProcessMemory or WriteProcessMemory request was completed. (0x12B)
[1022/082549.190:ERROR:process_memory_win.cc(73)] ReadMemory at 0x27ed6ce5f40 of 62 bytes failed: Only part of a ReadProcessMemory or WriteProcessMemory request was completed. (0x12B)
[1022/082549.190:ERROR:process_memory_win.cc(73)] ReadMemory at 0x27ed6ce5f90 of 62 bytes failed: Only part of a ReadProcessMemory or WriteProcessMemory request was completed. (0x12B)
[1022/082549.190:ERROR:process_memory_win.cc(73)] ReadMemory at 0x27ed6ce6940 of 132 bytes failed: Only part of a ReadProcessMemory or WriteProcessMemory request was completed. (0x12B)
[1022/082549.190:ERROR:process_memory_win.cc(73)] ReadMemory at 0x27ed6ce6a70 of 132 bytes failed: Only part of a ReadProcessMemory or WriteProcessMemory request was completed. (0x12B)
[1022/082549.190:ERROR:process_memory_win.cc(73)] ReadMemory at 0x27ed6ce6ba0 of 132 bytes failed: Only part of a ReadProcessMemory or WriteProcessMemory request was completed. (0x12B)
[1022/082549.190:ERROR:process_memory_win.cc(73)] ReadMemory at 0x27ed6ce6cd0 of 132 bytes failed: Only part of a ReadProcessMemory or WriteProcessMemory request was completed. (0x12B)
[1022/082549.190:ERROR:process_memory_win.cc(73)] ReadMemory at 0x27ed6ce6e00 of 132 bytes failed: Only part of a ReadProcessMemory or WriteProcessMemory request was completed. (0x12B)
[1022/082549.190:ERROR:process_memory_win.cc(73)] ReadMemory at 0x27ed6ce6f30 of 132 bytes failed: Only part of a ReadProcessMemory or WriteProcessMemory request was completed. (0x12B)
[1022/082549.190:ERROR:process_memory_win.cc(73)] ReadMemory at 0x27ed6ce7190 of 132 bytes failed: Only part of a ReadProcessMemory or WriteProcessMemory request was completed. (0x12B)
[1022/082549.190:ERROR:process_memory_win.cc(73)] ReadMemory at 0x27ed6ce72c0 of 132 bytes failed: Only part of a ReadProcessMemory or WriteProcessMemory request was completed. (0x12B)
[1022/082549.190:ERROR:process_memory_win.cc(73)] ReadMemory at 0x27ed6ce73f0 of 132 bytes failed: Only part of a ReadProcessMemory or WriteProcessMemory request was completed. (0x12B)
[1022/082549.190:ERROR:process_memory_win.cc(73)] ReadMemory at 0x27ed6ce7520 of 132 bytes failed: Only part of a ReadProcessMemory or WriteProcessMemory request was completed. (0x12B)
[1022/082549.190:ERROR:process_memory_win.cc(73)] ReadMemory at 0x27ed6ce7650 of 132 bytes failed: Only part of a ReadProcessMemory or WriteProcessMemory request was completed. (0x12B)
[1022/082549.190:ERROR:process_memory_win.cc(73)] ReadMemory at 0x27ed6ce7780 of 132 bytes failed: Only part of a ReadProcessMemory or WriteProcessMemory request was completed. (0x12B)
[1022/082549.190:ERROR:process_memory_win.cc(73)] ReadMemory at 0x27ed6ce7e10 of 132 bytes failed: Only part of a ReadProcessMemory or WriteProcessMemory request was completed. (0x12B)
[1022/082549.190:ERROR:process_memory_win.cc(73)] ReadMemory at 0x27ed6ceb640 of 132 bytes failed: Only part of a ReadProcessMemory or WriteProcessMemory request was completed. (0x12B)
[1022/082549.190:ERROR:process_memory_win.cc(73)] ReadMemory at 0x27ed6ceb770 of 132 bytes failed: Only part of a ReadProcessMemory or WriteProcessMemory request was completed. (0x12B)
[1022/082549.190:ERROR:process_memory_win.cc(73)] ReadMemory at 0x27ed6cebe20 of 132 bytes failed: Only part of a ReadProcessMemory or WriteProcessMemory request was completed. (0x12B)
[1022/082549.190:ERROR:process_memory_win.cc(73)] ReadMemory at 0x27ed6ceff30 of 146 bytes failed: Only part of a ReadProcessMemory or WriteProcessMemory request was completed. (0x12B)
[1022/082549.190:ERROR:process_memory_win.cc(73)] ReadMemory at 0x27ed6cf03b0 of 132 bytes failed: Only part of a ReadProcessMemory or WriteProcessMemory request was completed. (0x12B)
[1022/082549.190:ERROR:process_memory_win.cc(73)] ReadMemory at 0x27ed6cf04e0 of 132 bytes failed: Only part of a ReadProcessMemory or WriteProcessMemory request was completed. (0x12B)
[1022/082549.190:ERROR:process_memory_win.cc(73)] ReadMemory at 0x27ed6cf0d30 of 132 bytes failed: Only part of a ReadProcessMemory or WriteProcessMemory request was completed. (0x12B)
[1022/082549.190:ERROR:process_memory_win.cc(73)] ReadMemory at 0x27ed6cf11f0 of 132 bytes failed: Only part of a ReadProcessMemory or WriteProcessMemory request was completed. (0x12B)
[1022/082549.190:ERROR:process_memory_win.cc(73)] ReadMemory at 0x27ed6cf1450 of 132 bytes failed: Only part of a ReadProcessMemory or WriteProcessMemory request was completed. (0x12B)
[1022/082549.191:ERROR:process_memory_win.cc(73)] ReadMemory at 0x27ed6cf1580 of 132 bytes failed: Only part of a ReadProcessMemory or WriteProcessMemory request was completed. (0x12B)
[1022/082549.191:ERROR:process_memory_win.cc(73)] ReadMemory at 0x27ed6cf16b0 of 132 bytes failed: Only part of a ReadProcessMemory or WriteProcessMemory request was completed. (0x12B)
[1022/082549.191:ERROR:process_memory_win.cc(73)] ReadMemory at 0x27ed6cf1910 of 132 bytes failed: Only part of a ReadProcessMemory or WriteProcessMemory request was completed. (0x12B)
[1022/082549.191:ERROR:process_memory_win.cc(73)] ReadMemory at 0x27ed6cf1a40 of 132 bytes failed: Only part of a ReadProcessMemory or WriteProcessMemory request was completed. (0x12B)
[1022/082549.191:ERROR:process_memory_win.cc(73)] ReadMemory at 0x27ed6cf1b70 of 132 bytes failed: Only part of a ReadProcessMemory or WriteProcessMemory request was completed. (0x12B)
[1022/082549.191:ERROR:process_memory_win.cc(73)] ReadMemory at 0x27ed6d3f350 of 512 bytes failed: Only part of a ReadProcessMemory or WriteProcessMemory request was completed. (0x12B)
[1022/082549.191:ERROR:process_memory_win.cc(73)] ReadMemory at 0x27ed6d594b0 of 512 bytes failed: Only part of a ReadProcessMemory or WriteProcessMemory request was completed. (0x12B)
[1022/082549.191:ERROR:process_memory_win.cc(73)] ReadMemory at 0x27ed6d5cec0 of 512 bytes failed: Only part of a ReadProcessMemory or WriteProcessMemory request was completed. (0x12B)
[1022/082549.191:ERROR:process_memory_win.cc(73)] ReadMemory at 0x27ed6d60680 of 512 bytes failed: Only part of a ReadProcessMemory or WriteProcessMemory request was completed. (0x12B)
[1022/082549.191:ERROR:process_memory_win.cc(73)] ReadMemory at 0x27ed6d64910 of 512 bytes failed: Only part of a ReadProcessMemory or WriteProcessMemory request was completed. (0x12B)
[1022/082549.191:ERROR:process_memory_win.cc(73)] ReadMemory at 0x27ed6d70810 of 712 bytes failed: Only part of a ReadProcessMemory or WriteProcessMemory request was completed. (0x12B)
[1022/082549.191:ERROR:process_memory_win.cc(73)] ReadMemory at 0x27ed6d8b000 of 512 bytes failed: Only part of a ReadProcessMemory or WriteProcessMemory request was completed. (0x12B)
[1022/082549.191:ERROR:process_memory_win.cc(73)] ReadMemory at 0x27ed6d8f590 of 512 bytes failed: Only part of a ReadProcessMemory or WriteProcessMemory request was completed. (0x12B)
[1022/082549.191:ERROR:process_memory_win.cc(73)] ReadMemory at 0x27ed6ec0cd0 of 752 bytes failed: Only part of a ReadProcessMemory or WriteProcessMemory request was completed. (0x12B)
[1022/082549.191:ERROR:process_memory_win.cc(73)] ReadMemory at 0x27ed6ec1f00 of 512 bytes failed: Only part of a ReadProcessMemory or WriteProcessMemory request was completed. (0x12B)
[1022/082549.191:ERROR:process_memory_win.cc(73)] ReadMemory at 0x27ed86ca446 of 512 bytes failed: Only part of a ReadProcessMemory or WriteProcessMemory request was completed. (0x12B)
[1022/082549.191:ERROR:process_memory_win.cc(73)] ReadMemory at 0x27ed86ca696 of 588 bytes failed: Only part of a ReadProcessMemory or WriteProcessMemory request was completed. (0x12B)
[1022/082549.191:ERROR:process_memory_win.cc(73)] ReadMemory at 0x27ed86d7dc8 of 656 bytes failed: Only part of a ReadProcessMemory or WriteProcessMemory request was completed. (0x12B)
[1022/082549.191:ERROR:process_memory_win.cc(73)] ReadMemory at 0x27ed86d8638 of 512 bytes failed: Only part of a ReadProcessMemory or WriteProcessMemory request was completed. (0x12B)
[1022/082549.191:ERROR:process_memory_win.cc(73)] ReadMemory at 0x27ed86ebd30 of 512 bytes failed: Only part of a ReadProcessMemory or WriteProcessMemory request was completed. (0x12B)
[1022/082549.191:ERROR:process_memory_win.cc(73)] ReadMemory at 0x27ed884b210 of 512 bytes failed: Only part of a ReadProcessMemory or WriteProcessMemory request was completed. (0x12B)
[1022/082549.191:ERROR:process_memory_win.cc(73)] ReadMemory at 0x27ed8b94300 of 512 bytes failed: Only part of a ReadProcessMemory or WriteProcessMemory request was completed. (0x12B)
[1022/082549.191:ERROR:process_memory_win.cc(73)] ReadMemory at 0x27ed8cd09f0 of 512 bytes failed: Only part of a ReadProcessMemory or WriteProcessMemory request was completed. (0x12B)
[1022/082549.191:ERROR:process_memory_win.cc(73)] ReadMemory at 0x27edec69360 of 512 bytes failed: Only part of a ReadProcessMemory or WriteProcessMemory request was completed. (0x12B)
[1022/082549.191:ERROR:process_memory_win.cc(73)] ReadMemory at 0x27ee25c8f90 of 512 bytes failed: Only part of a ReadProcessMemory or WriteProcessMemory request was completed. (0x12B)
[1022/082549.192:ERROR:process_memory_win.cc(73)] ReadMemory at 0x7ffcdafe0000 of 384 bytes failed: Only part of a ReadProcessMemory or WriteProcessMemory request was completed. (0x12B)
[1022/082549.192:ERROR:process_memory_win.cc(73)] ReadMemory at 0x7ffcdb054090 of 512 bytes failed: Only part of a ReadProcessMemory or WriteProcessMemory request was completed. (0x12B)
[1022/082549.192:ERROR:process_memory_win.cc(73)] ReadMemory at 0x7ffce27c41a4 of 512 bytes failed: Only part of a ReadProcessMemory or WriteProcessMemory request was completed. (0x12B)
[1022/082549.192:ERROR:process_memory_win.cc(73)] ReadMemory at 0x7ffd09375810 of 512 bytes failed: Only part of a ReadProcessMemory or WriteProcessMemory request was completed. (0x12B)
[1022/082549.192:ERROR:process_memory_win.cc(73)] ReadMemory at 0x7ffd09375ed7 of 512 bytes failed: Only part of a ReadProcessMemory or WriteProcessMemory request was completed. (0x12B)
[1022/082549.192:ERROR:process_memory_win.cc(73)] ReadMemory at 0x7ffd21761fd0 of 512 bytes failed: Only part of a ReadProcessMemory or WriteProcessMemory request was completed. (0x12B)
[1022/082549.192:ERROR:process_memory_win.cc(73)] ReadMemory at 0x7ffd22f3c0c4 of 672 bytes failed: Only part of a ReadProcessMemory or WriteProcessMemory request was completed. (0x12B)
[1022/082549.192:ERROR:process_memory_win.cc(73)] ReadMemory at 0x7ffd22f3f974 of 608 bytes failed: Only part of a ReadProcessMemory or WriteProcessMemory request was completed. (0x12B)
[1022/082549.192:ERROR:process_memory_win.cc(73)] ReadMemory at 0x7ffd22fcc428 of 18 bytes failed: Only part of a ReadProcessMemory or WriteProcessMemory request was completed. (0x12B)
[1022/082549.192:ERROR:process_memory_win.cc(73)] ReadMemory at 0x7ffd22fff4f8 of 40 bytes failed: Only part of a ReadProcessMemory or WriteProcessMemory request was completed. (0x12B)
[1022/082549.192:ERROR:process_memory_win.cc(73)] ReadMemory at 0x7ffd22fff978 of 48 bytes failed: Only part of a ReadProcessMemory or WriteProcessMemory request was completed. (0x12B)
[1022/082549.192:ERROR:process_memory_win.cc(73)] ReadMemory at 0x7ffd230053c0 of 64 bytes failed: Only part of a ReadProcessMemory or WriteProcessMemory request was completed. (0x12B)
[1022/082549.193:ERROR:scoped_process_suspend.cc(40)] NtResumeProcess: An attempt was made to access an exiting process. (0xc000010a)
[1022/125550.896:ERROR:directory_reader_win.cc(43)] FindFirstFile: The system cannot find the path specified. (0x3)
[1023/181552.992:ERROR:directory_reader_win.cc(43)] FindFirstFile: The system cannot find the path specified. (0x3)
[1024/081048.940:ERROR:directory_reader_win.cc(43)] FindFirstFile: The system cannot find the path specified. (0x3)
[1024/182826.330:ERROR:directory_reader_win.cc(43)] FindFirstFile: The system cannot find the path specified. (0x3)
[1025/202228.421:ERROR:directory_reader_win.cc(43)] FindFirstFile: The system cannot find the path specified. (0x3)
[1026/064238.195:ERROR:directory_reader_win.cc(43)] FindFirstFile: The system cannot find the path specified. (0x3)
[1026/214216.444:ERROR:directory_reader_win.cc(43)] FindFirstFile: The system cannot find the path specified. (0x3)
[1027/081812.364:ERROR:directory_reader_win.cc(43)] FindFirstFile: The system cannot find the path specified. (0x3)
[1027/200341.697:ERROR:directory_reader_win.cc(43)] FindFirstFile: The system cannot find the path specified. (0x3)
[1029/083121.382:ERROR:directory_reader_win.cc(43)] FindFirstFile: The system cannot find the path specified. (0x3)
[1029/192215.287:ERROR:directory_reader_win.cc(43)] FindFirstFile: The system cannot find the path specified. (0x3)
[1030/082351.496:ERROR:directory_reader_win.cc(43)] FindFirstFile: The system cannot find the path specified. (0x3)
[1030/195721.351:ERROR:directory_reader_win.cc(43)] FindFirstFile: The system cannot find the path specified. (0x3)
[1031/075506.119:ERROR:directory_reader_win.cc(43)] FindFirstFile: The system cannot find the path specified. (0x3)
[1031/200443.610:ERROR:directory_reader_win.cc(43)] FindFirstFile: The system cannot find the path specified. (0x3)
[1101/092956.691:ERROR:settings.cc(320)] Settings magic is not 1129342067
[1101/093956.784:ERROR:directory_reader_win.cc(43)] FindFirstFile: The system cannot find the path specified. (0x3)
[1103/082345.601:ERROR:directory_reader_win.cc(43)] FindFirstFile: The system cannot find the path specified. (0x3)
[1103/184127.885:ERROR:directory_reader_win.cc(43)] FindFirstFile: The system cannot find the path specified. (0x3)
[1104/195247.401:ERROR:directory_reader_win.cc(43)] FindFirstFile: The system cannot find the path specified. (0x3)
[1105/081807.545:ERROR:directory_reader_win.cc(43)] FindFirstFile: The system cannot find the path specified. (0x3)
[1110/083246.070:ERROR:directory_reader_win.cc(43)] FindFirstFile: The system cannot find the path specified. (0x3)
[1115/181031.669:ERROR:directory_reader_win.cc(43)] FindFirstFile: The system cannot find the path specified. (0x3)
[1116/081231.969:ERROR:directory_reader_win.cc(43)] FindFirstFile: The system cannot find the path specified. (0x3)
[1119/193811.946:ERROR:directory_reader_win.cc(43)] FindFirstFile: The system cannot find the path specified. (0x3)
[1120/081556.812:ERROR:settings.cc(320)] Settings magic is not 1129342067
[1120/082556.936:ERROR:directory_reader_win.cc(43)] FindFirstFile: The system cannot find the path specified. (0x3)
[1124/082238.221:ERROR:directory_reader_win.cc(43)] FindFirstFile: The system cannot find the path specified. (0x3)
[1129/172109.624:ERROR:directory_reader_win.cc(43)] FindFirstFile: The system cannot find the path specified. (0x3)
[1202/071406.451:ERROR:directory_reader_win.cc(43)] FindFirstFile: The system cannot find the path specified. (0x3)
[1203/071954.345:ERROR:directory_reader_win.cc(43)] FindFirstFile: The system cannot find the path specified. (0x3)
[1204/073005.284:ERROR:directory_reader_win.cc(43)] FindFirstFile: The system cannot find the path specified. (0x3)
[1205/065042.996:ERROR:settings.cc(320)] Settings magic is not 1129342067
[1205/070043.259:ERROR:directory_reader_win.cc(43)] FindFirstFile: The system cannot find the path specified. (0x3)
[1209/074128.158:ERROR:directory_reader_win.cc(43)] FindFirstFile: The system cannot find the path specified. (0x3)
[1210/071156.834:ERROR:directory_reader_win.cc(43)] FindFirstFile: The system cannot find the path specified. (0x3)
[1211/073136.245:ERROR:directory_reader_win.cc(43)] FindFirstFile: The system cannot find the path specified. (0x3)
[1221/163139.721:ERROR:directory_reader_win.cc(43)] FindFirstFile: The system cannot find the path specified. (0x3)
[1222/080508.736:ERROR:directory_reader_win.cc(43)] FindFirstFile: The system cannot find the path specified. (0x3)
[1223/211427.601:ERROR:directory_reader_win.cc(43)] FindFirstFile: The system cannot find the path specified. (0x3)
[1224/085333.956:ERROR:directory_reader_win.cc(43)] FindFirstFile: The system cannot find the path specified. (0x3)
[1224/103902.848:ERROR:directory_reader_win.cc(43)] FindFirstFile: The system cannot find the path specified. (0x3)
[1224/190746.681:ERROR:directory_reader_win.cc(43)] FindFirstFile: The system cannot find the path specified. (0x3)
[1226/192736.142:ERROR:directory_reader_win.cc(43)] FindFirstFile: The system cannot find the path specified. (0x3)
[1227/140942.734:ERROR:directory_reader_win.cc(43)] FindFirstFile: The system cannot find the path specified. (0x3)
[1227/211302.004:ERROR:directory_reader_win.cc(43)] FindFirstFile: The system cannot find the path specified. (0x3)
[1228/073806.185:ERROR:directory_reader_win.cc(43)] FindFirstFile: The system cannot find the path specified. (0x3)
[1230/191902.535:ERROR:directory_reader_win.cc(43)] FindFirstFile: The system cannot find the path specified. (0x3)
[1231/090218.340:ERROR:directory_reader_win.cc(43)] FindFirstFile: The system cannot find the path specified. (0x3)
[0102/081244.926:ERROR:directory_reader_win.cc(43)] FindFirstFile: The system cannot find the path specified. (0x3)
[0102/190812.104:ERROR:directory_reader_win.cc(43)] FindFirstFile: The system cannot find the path specified. (0x3)
[0103/101533.200:ERROR:directory_reader_win.cc(43)] FindFirstFile: The system cannot find the path specified. (0x3)
[0103/215627.050:ERROR:process_reader_win.cc(123)] NtOpenThread: {Access Denied} A process has requested access to an object, but has not been granted those access rights. (0xc0000022)
[0103/215627.050:ERROR:process_reader_win.cc(123)] NtOpenThread: {Access Denied} A process has requested access to an object, but has not been granted those access rights. (0xc0000022)
[0103/215628.493:ERROR:exception_snapshot_win.cc(99)] thread ID 10556 not found in process
[0103/215628.493:ERROR:exception_snapshot_win.cc(99)] thread ID 9996 not found in process
[0104/073241.378:ERROR:directory_reader_win.cc(43)] FindFirstFile: The system cannot find the path specified. (0x3)
[0105/072854.673:ERROR:directory_reader_win.cc(43)] FindFirstFile: The system cannot find the path specified. (0x3)
[0105/202209.737:ERROR:directory_reader_win.cc(43)] FindFirstFile: The system cannot find the path specified. (0x3)
[0106/081840.764:ERROR:directory_reader_win.cc(43)] FindFirstFile: The system cannot find the path specified. (0x3)
[0107/074236.741:ERROR:directory_reader_win.cc(43)] FindFirstFile: The system cannot find the path specified. (0x3)
[0108/072201.762:ERROR:directory_reader_win.cc(43)] FindFirstFile: The system cannot find the path specified. (0x3)
[0109/173844.337:ERROR:directory_reader_win.cc(43)] FindFirstFile: The system cannot find the path specified. (0x3)
[0110/095206.396:ERROR:directory_reader_win.cc(43)] FindFirstFile: The system cannot find the path specified. (0x3)
[0111/073057.877:ERROR:directory_reader_win.cc(43)] FindFirstFile: The system cannot find the path specified. (0x3)
[0112/201145.762:ERROR:directory_reader_win.cc(43)] FindFirstFile: The system cannot find the path specified. (0x3)
[0113/074439.936:ERROR:directory_reader_win.cc(43)] FindFirstFile: The system cannot find the path specified. (0x3)
[0115/071940.872:ERROR:directory_reader_win.cc(43)] FindFirstFile: The system cannot find the path specified. (0x3)
[0116/073106.278:ERROR:directory_reader_win.cc(43)] FindFirstFile: The system cannot find the path specified. (0x3)
[0118/074616.212:ERROR:directory_reader_win.cc(43)] FindFirstFile: The system cannot find the path specified. (0x3)
